{"C:\\Users\\tadit\\Desktop\\incubyte\\string-calculator-tdd\\src\\App.tsx": {"path":"C:\\Users\\tadit\\Desktop\\incubyte\\string-calculator-tdd\\src\\App.tsx","all":true,"statementMap":{"0":{"start":{"line":1,"column":0},"end":{"line":1,"column":25}},"1":{"start":{"line":2,"column":0},"end":{"line":2,"column":60}},"2":{"start":{"line":3,"column":0},"end":{"line":3,"column":18}},"4":{"start":{"line":5,"column":0},"end":{"line":5,"column":16}},"5":{"start":{"line":6,"column":0},"end":{"line":6,"column":10}},"6":{"start":{"line":7,"column":0},"end":{"line":7,"column":25}},"7":{"start":{"line":8,"column":0},"end":{"line":8,"column":37}},"8":{"start":{"line":9,"column":0},"end":{"line":9,"column":34}},"9":{"start":{"line":10,"column":0},"end":{"line":10,"column":28}},"10":{"start":{"line":11,"column":0},"end":{"line":11,"column":15}},"11":{"start":{"line":12,"column":0},"end":{"line":12,"column":10}},"13":{"start":{"line":14,"column":0},"end":{"line":14,"column":1}},"15":{"start":{"line":16,"column":0},"end":{"line":16,"column":18}}},"s":{"0":0,"1":0,"2":0,"4":0,"5":0,"6":0,"7":0,"8":0,"9":0,"10":0,"11":0,"13":0,"15":0},"branchMap":{"0":{"type":"branch","line":1,"loc":{"start":{"line":1,"column":0},"end":{"line":16,"column":-181}},"locations":[{"start":{"line":1,"column":0},"end":{"line":16,"column":-181}}]}},"b":{"0":[0]},"fnMap":{"0":{"name":"(empty-report)","decl":{"start":{"line":1,"column":0},"end":{"line":16,"column":-181}},"loc":{"start":{"line":1,"column":0},"end":{"line":16,"column":-181}},"line":1}},"f":{"0":0}}
,"C:\\Users\\tadit\\Desktop\\incubyte\\string-calculator-tdd\\src\\main.tsx": {"path":"C:\\Users\\tadit\\Desktop\\incubyte\\string-calculator-tdd\\src\\main.tsx","all":true,"statementMap":{"0":{"start":{"line":1,"column":0},"end":{"line":1,"column":34}},"1":{"start":{"line":2,"column":0},"end":{"line":2,"column":45}},"2":{"start":{"line":3,"column":0},"end":{"line":3,"column":27}},"3":{"start":{"line":4,"column":0},"end":{"line":4,"column":20}},"5":{"start":{"line":6,"column":0},"end":{"line":6,"column":52}},"6":{"start":{"line":7,"column":0},"end":{"line":7,"column":14}},"7":{"start":{"line":8,"column":0},"end":{"line":8,"column":11}},"8":{"start":{"line":9,"column":0},"end":{"line":9,"column":16}},"9":{"start":{"line":10,"column":0},"end":{"line":10,"column":1}}},"s":{"0":0,"1":0,"2":0,"3":0,"5":0,"6":0,"7":0,"8":0,"9":0},"branchMap":{"0":{"type":"branch","line":1,"loc":{"start":{"line":1,"column":229},"end":{"line":10,"column":1}},"locations":[{"start":{"line":1,"column":229},"end":{"line":10,"column":1}}]}},"b":{"0":[0]},"fnMap":{"0":{"name":"(empty-report)","decl":{"start":{"line":1,"column":229},"end":{"line":10,"column":1}},"loc":{"start":{"line":1,"column":229},"end":{"line":10,"column":1}},"line":1}},"f":{"0":0}}
,"C:\\Users\\tadit\\Desktop\\incubyte\\string-calculator-tdd\\src\\components\\StringCalculator.tsx": {"path":"C:\\Users\\tadit\\Desktop\\incubyte\\string-calculator-tdd\\src\\components\\StringCalculator.tsx","all":false,"statementMap":{"0":{"start":{"line":1,"column":0},"end":{"line":1,"column":39}},"2":{"start":{"line":3,"column":0},"end":{"line":3,"column":42}},"3":{"start":{"line":4,"column":0},"end":{"line":4,"column":40}},"4":{"start":{"line":5,"column":0},"end":{"line":5,"column":58}},"6":{"start":{"line":7,"column":0},"end":{"line":7,"column":44}},"8":{"start":{"line":9,"column":0},"end":{"line":9,"column":13}},"9":{"start":{"line":10,"column":0},"end":{"line":10,"column":32}},"11":{"start":{"line":12,"column":0},"end":{"line":12,"column":26}},"12":{"start":{"line":13,"column":0},"end":{"line":13,"column":30}},"14":{"start":{"line":15,"column":0},"end":{"line":15,"column":35}},"15":{"start":{"line":16,"column":0},"end":{"line":16,"column":48}},"16":{"start":{"line":17,"column":0},"end":{"line":17,"column":62}},"18":{"start":{"line":19,"column":0},"end":{"line":19,"column":77}},"19":{"start":{"line":20,"column":0},"end":{"line":20,"column":54}},"20":{"start":{"line":21,"column":0},"end":{"line":21,"column":54}},"21":{"start":{"line":22,"column":0},"end":{"line":22,"column":105}},"22":{"start":{"line":23,"column":0},"end":{"line":23,"column":14}},"23":{"start":{"line":24,"column":0},"end":{"line":24,"column":88}},"24":{"start":{"line":25,"column":0},"end":{"line":25,"column":7}},"26":{"start":{"line":27,"column":0},"end":{"line":27,"column":56}},"27":{"start":{"line":28,"column":0},"end":{"line":28,"column":5}},"29":{"start":{"line":30,"column":0},"end":{"line":30,"column":46}},"30":{"start":{"line":31,"column":0},"end":{"line":31,"column":35}},"31":{"start":{"line":32,"column":0},"end":{"line":32,"column":17}},"32":{"start":{"line":33,"column":0},"end":{"line":33,"column":42}},"33":{"start":{"line":34,"column":0},"end":{"line":34,"column":56}},"34":{"start":{"line":35,"column":0},"end":{"line":35,"column":18}},"35":{"start":{"line":36,"column":0},"end":{"line":36,"column":8}},"37":{"start":{"line":38,"column":0},"end":{"line":38,"column":45}},"38":{"start":{"line":39,"column":0},"end":{"line":39,"column":31}},"39":{"start":{"line":40,"column":0},"end":{"line":40,"column":53}},"40":{"start":{"line":41,"column":0},"end":{"line":41,"column":5}},"42":{"start":{"line":43,"column":0},"end":{"line":43,"column":77}},"43":{"start":{"line":44,"column":0},"end":{"line":44,"column":3}},"45":{"start":{"line":46,"column":0},"end":{"line":46,"column":33}},"46":{"start":{"line":47,"column":0},"end":{"line":47,"column":9}},"47":{"start":{"line":48,"column":0},"end":{"line":48,"column":41}},"48":{"start":{"line":49,"column":0},"end":{"line":49,"column":44}},"49":{"start":{"line":50,"column":0},"end":{"line":50,"column":21}},"50":{"start":{"line":51,"column":0},"end":{"line":51,"column":72}},"51":{"start":{"line":52,"column":0},"end":{"line":52,"column":46}},"52":{"start":{"line":53,"column":0},"end":{"line":53,"column":42}},"53":{"start":{"line":54,"column":0},"end":{"line":54,"column":32}},"54":{"start":{"line":55,"column":0},"end":{"line":55,"column":14}},"55":{"start":{"line":56,"column":0},"end":{"line":56,"column":46}},"56":{"start":{"line":57,"column":0},"end":{"line":57,"column":7}},"57":{"start":{"line":58,"column":0},"end":{"line":58,"column":5}},"58":{"start":{"line":59,"column":0},"end":{"line":59,"column":3}},"60":{"start":{"line":61,"column":0},"end":{"line":61,"column":10}},"61":{"start":{"line":62,"column":0},"end":{"line":62,"column":9}},"62":{"start":{"line":63,"column":0},"end":{"line":63,"column":12}},"63":{"start":{"line":64,"column":0},"end":{"line":64,"column":19}},"64":{"start":{"line":65,"column":0},"end":{"line":65,"column":21}},"65":{"start":{"line":66,"column":0},"end":{"line":66,"column":50}},"66":{"start":{"line":67,"column":0},"end":{"line":67,"column":55}},"67":{"start":{"line":68,"column":0},"end":{"line":68,"column":33}},"68":{"start":{"line":69,"column":0},"end":{"line":69,"column":8}},"69":{"start":{"line":70,"column":0},"end":{"line":70,"column":58}},"70":{"start":{"line":71,"column":0},"end":{"line":71,"column":29}},"71":{"start":{"line":72,"column":0},"end":{"line":72,"column":10}},"73":{"start":{"line":74,"column":0},"end":{"line":74,"column":1}},"75":{"start":{"line":76,"column":0},"end":{"line":76,"column":31}}},"s":{"0":1,"2":1,"3":30,"4":30,"6":30,"8":9,"9":9,"11":8,"12":8,"14":9,"15":0,"16":0,"18":0,"19":0,"20":0,"21":0,"22":0,"23":0,"24":0,"26":0,"27":0,"29":8,"30":8,"31":8,"32":20,"33":20,"34":19,"35":8,"37":8,"38":9,"39":2,"40":2,"42":5,"43":9,"45":30,"46":9,"47":9,"48":9,"49":9,"50":3,"51":1,"52":3,"53":2,"54":2,"55":0,"56":0,"57":3,"58":9,"60":30,"61":30,"62":30,"63":30,"64":30,"65":30,"66":30,"67":30,"68":30,"69":30,"70":30,"71":30,"73":30,"75":1},"branchMap":{"0":{"type":"branch","line":3,"loc":{"start":{"line":3,"column":35},"end":{"line":74,"column":1}},"locations":[{"start":{"line":3,"column":35},"end":{"line":74,"column":1}}]},"1":{"type":"branch","line":7,"loc":{"start":{"line":7,"column":14},"end":{"line":44,"column":3}},"locations":[{"start":{"line":7,"column":14},"end":{"line":44,"column":3}}]},"2":{"type":"branch","line":10,"loc":{"start":{"line":10,"column":24},"end":{"line":10,"column":32}},"locations":[{"start":{"line":10,"column":24},"end":{"line":10,"column":32}}]},"3":{"type":"branch","line":10,"loc":{"start":{"line":10,"column":31},"end":{"line":15,"column":34}},"locations":[{"start":{"line":10,"column":31},"end":{"line":15,"column":34}}]},"4":{"type":"branch","line":15,"loc":{"start":{"line":15,"column":34},"end":{"line":28,"column":5}},"locations":[{"start":{"line":15,"column":34},"end":{"line":28,"column":5}}]},"5":{"type":"branch","line":28,"loc":{"start":{"line":28,"column":4},"end":{"line":39,"column":30}},"locations":[{"start":{"line":28,"column":4},"end":{"line":39,"column":30}}]},"6":{"type":"branch","line":39,"loc":{"start":{"line":39,"column":30},"end":{"line":41,"column":5}},"locations":[{"start":{"line":39,"column":30},"end":{"line":41,"column":5}}]},"7":{"type":"branch","line":41,"loc":{"start":{"line":41,"column":4},"end":{"line":43,"column":77}},"locations":[{"start":{"line":41,"column":4},"end":{"line":43,"column":77}}]},"8":{"type":"branch","line":31,"loc":{"start":{"line":31,"column":14},"end":{"line":31,"column":34}},"locations":[{"start":{"line":31,"column":14},"end":{"line":31,"column":34}}]},"9":{"type":"branch","line":32,"loc":{"start":{"line":32,"column":11},"end":{"line":36,"column":7}},"locations":[{"start":{"line":32,"column":11},"end":{"line":36,"column":7}}]},"10":{"type":"branch","line":34,"loc":{"start":{"line":34,"column":24},"end":{"line":34,"column":56}},"locations":[{"start":{"line":34,"column":24},"end":{"line":34,"column":56}}]},"11":{"type":"branch","line":34,"loc":{"start":{"line":34,"column":55},"end":{"line":35,"column":18}},"locations":[{"start":{"line":34,"column":55},"end":{"line":35,"column":18}}]},"12":{"type":"branch","line":38,"loc":{"start":{"line":38,"column":34},"end":{"line":38,"column":44}},"locations":[{"start":{"line":38,"column":34},"end":{"line":38,"column":44}}]},"13":{"type":"branch","line":43,"loc":{"start":{"line":43,"column":23},"end":{"line":43,"column":41}},"locations":[{"start":{"line":43,"column":23},"end":{"line":43,"column":41}}]},"14":{"type":"branch","line":43,"loc":{"start":{"line":43,"column":50},"end":{"line":43,"column":75}},"locations":[{"start":{"line":43,"column":50},"end":{"line":43,"column":75}}]},"15":{"type":"branch","line":46,"loc":{"start":{"line":46,"column":26},"end":{"line":59,"column":3}},"locations":[{"start":{"line":46,"column":26},"end":{"line":59,"column":3}}]},"16":{"type":"branch","line":50,"loc":{"start":{"line":50,"column":4},"end":{"line":58,"column":5}},"locations":[{"start":{"line":50,"column":4},"end":{"line":58,"column":5}}]},"17":{"type":"branch","line":51,"loc":{"start":{"line":51,"column":71},"end":{"line":53,"column":17}},"locations":[{"start":{"line":51,"column":71},"end":{"line":53,"column":17}}]},"18":{"type":"branch","line":53,"loc":{"start":{"line":53,"column":6},"end":{"line":57,"column":7}},"locations":[{"start":{"line":53,"column":6},"end":{"line":57,"column":7}}]},"19":{"type":"branch","line":55,"loc":{"start":{"line":55,"column":6},"end":{"line":57,"column":7}},"locations":[{"start":{"line":55,"column":6},"end":{"line":57,"column":7}}]},"20":{"type":"branch","line":66,"loc":{"start":{"line":66,"column":18},"end":{"line":66,"column":50}},"locations":[{"start":{"line":66,"column":18},"end":{"line":66,"column":50}}]}},"b":{"0":[30],"1":[9],"2":[1],"3":[8],"4":[0],"5":[8],"6":[2],"7":[5],"8":[20],"9":[20],"10":[1],"11":[19],"12":[19],"13":[13],"14":[12],"15":[9],"16":[3],"17":[1],"18":[2],"19":[0],"20":[9]},"fnMap":{"0":{"name":"StringCalculator","decl":{"start":{"line":3,"column":35},"end":{"line":74,"column":1}},"loc":{"start":{"line":3,"column":35},"end":{"line":74,"column":1}},"line":3},"1":{"name":"add","decl":{"start":{"line":7,"column":14},"end":{"line":44,"column":3}},"loc":{"start":{"line":7,"column":14},"end":{"line":44,"column":3}},"line":7},"2":{"name":"handleCalculate","decl":{"start":{"line":46,"column":26},"end":{"line":59,"column":3}},"loc":{"start":{"line":46,"column":26},"end":{"line":59,"column":3}},"line":46},"3":{"name":"onChange","decl":{"start":{"line":66,"column":18},"end":{"line":66,"column":50}},"loc":{"start":{"line":66,"column":18},"end":{"line":66,"column":50}},"line":66}},"f":{"0":30,"1":9,"2":9,"3":9}}
}
